<?xml version="1.0" encoding="UTF-8"?>
<!-- Generated by org.testng.reporters.JUnitXMLReporter -->
<testsuite ignored="2" hostname="LAPTOP-21Q7HHS1" failures="0" tests="2" name="Test" time="0.033" errors="0" timestamp="2022-07-27T16:07:18 IST">
  <testcase classname="com.testng.Group" name="amazon" time="0.007"/>
  <testcase classname="com.testng.Group" name="flipkart" time="0.001"/>
  <testcase classname="com.testng.Group" name="telegram" time="0.0">
    <ignored/>
  </testcase> <!-- telegram -->
  <testcase classname="com.testng.Group" name="whatsapp" time="0.0">
    <ignored/>
  </testcase> <!-- whatsapp -->
</testsuite> <!-- Test -->
