<?xml version="1.0" encoding="UTF-8"?>
<testng-results ignored="0" total="1" passed="1" failed="0" skipped="0">
  <reporter-output>
  </reporter-output>
  <suite started-at="2022-07-27T16:51:02 IST" name="Default suite" finished-at="2022-07-27T16:51:02 IST" duration-ms="45">
    <groups>
    </groups>
    <test started-at="2022-07-27T16:51:02 IST" name="Default test" finished-at="2022-07-27T16:51:02 IST" duration-ms="45">
      <class name="com.testng.Hard_Assert">
        <test-method signature="women()[pri:0, instance:com.testng.Hard_Assert@1eb5174b]" started-at="2022-07-27T16:51:02 IST" name="women" finished-at="2022-07-27T16:51:02 IST" duration-ms="12" status="PASS">
          <reporter-output>
          </reporter-output>
        </test-method> <!-- women -->
      </class> <!-- com.testng.Hard_Assert -->
    </test> <!-- Default test -->
  </suite> <!-- Default suite -->
</testng-results>
